  main.cpp
  Resource.cpp
  Scheduler.cpp
C:\Users\user\Documents\GitHub\Physiotherapy_me\DS_project_physiotherapy-main\Project_physiotherapy\Project_physiotherapy\linkedQueue.h(174,2): error C2065: 'cout': undeclared identifier
  (compiling source file 'Scheduler.cpp')
  
C:\Users\user\Documents\GitHub\Physiotherapy_me\DS_project_physiotherapy-main\Project_physiotherapy\Project_physiotherapy\linkedQueue.h(174,2): error C3861: 'cout': identifier not found
  (compiling source file 'Scheduler.cpp')
  
C:\Users\user\Documents\GitHub\Physiotherapy_me\DS_project_physiotherapy-main\Project_physiotherapy\Project_physiotherapy\linkedQueue.h(175,2): error C2065: 'cout': undeclared identifier
  (compiling source file 'Scheduler.cpp')
  
C:\Users\user\Documents\GitHub\Physiotherapy_me\DS_project_physiotherapy-main\Project_physiotherapy\Project_physiotherapy\linkedQueue.h(175,2): error C3861: 'cout': identifier not found
  (compiling source file 'Scheduler.cpp')
  
C:\Users\user\Documents\GitHub\Physiotherapy_me\DS_project_physiotherapy-main\Project_physiotherapy\Project_physiotherapy\linkedQueue.h(181,2): error C2065: 'cout': undeclared identifier
  (compiling source file 'Scheduler.cpp')
  
C:\Users\user\Documents\GitHub\Physiotherapy_me\DS_project_physiotherapy-main\Project_physiotherapy\Project_physiotherapy\linkedQueue.h(181,2): error C3861: 'cout': identifier not found
  (compiling source file 'Scheduler.cpp')
  
C:\Users\user\Documents\GitHub\Physiotherapy_me\DS_project_physiotherapy-main\Project_physiotherapy\Project_physiotherapy\linkedQueue.h(181,50): error C3861: 'boolalpha': identifier not found
  (compiling source file 'Scheduler.cpp')
  
C:\Users\user\Documents\GitHub\Physiotherapy_me\DS_project_physiotherapy-main\Project_physiotherapy\Project_physiotherapy\linkedQueue.h(182,2): error C2065: 'cout': undeclared identifier
  (compiling source file 'Scheduler.cpp')
  
C:\Users\user\Documents\GitHub\Physiotherapy_me\DS_project_physiotherapy-main\Project_physiotherapy\Project_physiotherapy\linkedQueue.h(182,2): error C3861: 'cout': identifier not found
  (compiling source file 'Scheduler.cpp')
  
C:\Users\user\Documents\GitHub\Physiotherapy_me\DS_project_physiotherapy-main\Project_physiotherapy\Project_physiotherapy\linkedQueue.h(182,50): error C3861: 'endl': identifier not found
  (compiling source file 'Scheduler.cpp')
  
C:\Users\user\Documents\GitHub\Physiotherapy_me\DS_project_physiotherapy-main\Project_physiotherapy\Project_physiotherapy\linkedQueue.h(181,50): error C2065: 'boolalpha': undeclared identifier
  (compiling source file 'Scheduler.cpp')
  
C:\Users\user\Documents\GitHub\Physiotherapy_me\DS_project_physiotherapy-main\Project_physiotherapy\Project_physiotherapy\linkedQueue.h(182,50): error C2065: 'endl': undeclared identifier
  (compiling source file 'Scheduler.cpp')
  
  Generating Code...
